{"/home/samarth.srivastava/Desktop/Node-training/Task2/backend/server.js": {"path":"/home/samarth.srivastava/Desktop/Node-training/Task2/backend/server.js","statementMap":{"0":{"start":{"line":29,"column":16},"end":{"line":29,"column":34}},"1":{"start":{"line":30,"column":15},"end":{"line":30,"column":32}},"2":{"start":{"line":31,"column":15},"end":{"line":31,"column":41}},"3":{"start":{"line":32,"column":20},"end":{"line":32,"column":51}},"4":{"start":{"line":33,"column":18},"end":{"line":33,"column":47}},"5":{"start":{"line":34,"column":22},"end":{"line":34,"column":44}},"6":{"start":{"line":36,"column":0},"end":{"line":36,"column":16}},"7":{"start":{"line":38,"column":12},"end":{"line":38,"column":21}},"8":{"start":{"line":39,"column":13},"end":{"line":39,"column":28}},"9":{"start":{"line":40,"column":20},"end":{"line":43,"column":1}},"10":{"start":{"line":45,"column":15},"end":{"line":57,"column":1}},"11":{"start":{"line":46,"column":2},"end":{"line":46,"column":20}},"12":{"start":{"line":48,"column":2},"end":{"line":48,"column":29}},"13":{"start":{"line":49,"column":2},"end":{"line":49,"column":26}},"14":{"start":{"line":50,"column":2},"end":{"line":50,"column":70}},"15":{"start":{"line":51,"column":2},"end":{"line":53,"column":5}},"16":{"start":{"line":52,"column":4},"end":{"line":52,"column":36}},"17":{"start":{"line":54,"column":2},"end":{"line":54,"column":25}},"18":{"start":{"line":56,"column":2},"end":{"line":56,"column":13}},"19":{"start":{"line":59,"column":0},"end":{"line":59,"column":24}}},"fnMap":{"0":{"name":"(anonymous_0)","decl":{"start":{"line":45,"column":15},"end":{"line":45,"column":16}},"loc":{"start":{"line":45,"column":27},"end":{"line":57,"column":1}},"line":45},"1":{"name":"(anonymous_1)","decl":{"start":{"line":51,"column":26},"end":{"line":51,"column":27}},"loc":{"start":{"line":51,"column":40},"end":{"line":53,"column":3}},"line":51}},"branchMap":{},"s":{"0":1,"1":1,"2":1,"3":1,"4":1,"5":1,"6":1,"7":1,"8":1,"9":1,"10":1,"11":1,"12":1,"13":1,"14":1,"15":1,"16":1,"17":1,"18":1,"19":1},"f":{"0":1,"1":1},"b":{},"_coverageSchema":"1a1c01bbd47fc00a2c39e90264f33305004495a9","hash":"b23386d44f3ae335d83fce83809d843857341137"}
,"/home/samarth.srivastava/Desktop/Node-training/Task2/backend/Config/db.js": {"path":"/home/samarth.srivastava/Desktop/Node-training/Task2/backend/Config/db.js","statementMap":{"0":{"start":{"line":19,"column":17},"end":{"line":19,"column":36}},"1":{"start":{"line":20,"column":15},"end":{"line":20,"column":32}},"2":{"start":{"line":21,"column":30},"end":{"line":21,"column":62}},"3":{"start":{"line":22,"column":15},"end":{"line":22,"column":41}},"4":{"start":{"line":24,"column":0},"end":{"line":24,"column":16}},"5":{"start":{"line":28,"column":18},"end":{"line":45,"column":1}},"6":{"start":{"line":29,"column":16},"end":{"line":31,"column":65}},"7":{"start":{"line":33,"column":2},"end":{"line":44,"column":3}},"8":{"start":{"line":34,"column":4},"end":{"line":43,"column":5}},"9":{"start":{"line":35,"column":6},"end":{"line":38,"column":9}},"10":{"start":{"line":39,"column":6},"end":{"line":39,"column":42}},"11":{"start":{"line":40,"column":6},"end":{"line":40,"column":42}},"12":{"start":{"line":42,"column":6},"end":{"line":42,"column":52}},"13":{"start":{"line":47,"column":21},"end":{"line":52,"column":1}},"14":{"start":{"line":48,"column":2},"end":{"line":50,"column":3}},"15":{"start":{"line":49,"column":4},"end":{"line":49,"column":51}},"16":{"start":{"line":51,"column":2},"end":{"line":51,"column":30}},"17":{"start":{"line":54,"column":20},"end":{"line":62,"column":1}},"18":{"start":{"line":55,"column":2},"end":{"line":61,"column":3}},"19":{"start":{"line":56,"column":4},"end":{"line":56,"column":45}},"20":{"start":{"line":57,"column":4},"end":{"line":57,"column":38}},"21":{"start":{"line":58,"column":4},"end":{"line":60,"column":5}},"22":{"start":{"line":59,"column":6},"end":{"line":59,"column":31}},"23":{"start":{"line":64,"column":20},"end":{"line":72,"column":1}},"24":{"start":{"line":65,"column":2},"end":{"line":71,"column":3}},"25":{"start":{"line":66,"column":24},"end":{"line":66,"column":55}},"26":{"start":{"line":67,"column":4},"end":{"line":70,"column":5}},"27":{"start":{"line":68,"column":25},"end":{"line":68,"column":41}},"28":{"start":{"line":69,"column":6},"end":{"line":69,"column":38}},"29":{"start":{"line":74,"column":0},"end":{"line":74,"column":57}}},"fnMap":{"0":{"name":"(anonymous_0)","decl":{"start":{"line":28,"column":18},"end":{"line":28,"column":19}},"loc":{"start":{"line":28,"column":30},"end":{"line":45,"column":1}},"line":28},"1":{"name":"(anonymous_1)","decl":{"start":{"line":47,"column":21},"end":{"line":47,"column":22}},"loc":{"start":{"line":47,"column":33},"end":{"line":52,"column":1}},"line":47},"2":{"name":"(anonymous_2)","decl":{"start":{"line":54,"column":20},"end":{"line":54,"column":21}},"loc":{"start":{"line":54,"column":32},"end":{"line":62,"column":1}},"line":54},"3":{"name":"(anonymous_3)","decl":{"start":{"line":64,"column":20},"end":{"line":64,"column":21}},"loc":{"start":{"line":64,"column":32},"end":{"line":72,"column":1}},"line":64}},"branchMap":{"0":{"loc":{"start":{"line":29,"column":16},"end":{"line":31,"column":65}},"type":"cond-expr","locations":[{"start":{"line":30,"column":6},"end":{"line":30,"column":26}},{"start":{"line":31,"column":6},"end":{"line":31,"column":65}}],"line":29},"1":{"loc":{"start":{"line":31,"column":6},"end":{"line":31,"column":65}},"type":"binary-expr","locations":[{"start":{"line":31,"column":6},"end":{"line":31,"column":29}},{"start":{"line":31,"column":32},"end":{"line":31,"column":65}}],"line":31},"2":{"loc":{"start":{"line":33,"column":2},"end":{"line":44,"column":3}},"type":"if","locations":[{"start":{"line":33,"column":2},"end":{"line":44,"column":3}},{"start":{},"end":{}}],"line":33},"3":{"loc":{"start":{"line":48,"column":2},"end":{"line":50,"column":3}},"type":"if","locations":[{"start":{"line":48,"column":2},"end":{"line":50,"column":3}},{"start":{},"end":{}}],"line":48},"4":{"loc":{"start":{"line":55,"column":2},"end":{"line":61,"column":3}},"type":"if","locations":[{"start":{"line":55,"column":2},"end":{"line":61,"column":3}},{"start":{},"end":{}}],"line":55},"5":{"loc":{"start":{"line":58,"column":4},"end":{"line":60,"column":5}},"type":"if","locations":[{"start":{"line":58,"column":4},"end":{"line":60,"column":5}},{"start":{},"end":{}}],"line":58},"6":{"loc":{"start":{"line":65,"column":2},"end":{"line":71,"column":3}},"type":"if","locations":[{"start":{"line":65,"column":2},"end":{"line":71,"column":3}},{"start":{},"end":{}}],"line":65}},"s":{"0":1,"1":1,"2":1,"3":1,"4":1,"5":1,"6":2,"7":2,"8":1,"9":1,"10":1,"11":1,"12":0,"13":1,"14":2,"15":1,"16":2,"17":1,"18":1,"19":1,"20":1,"21":1,"22":1,"23":1,"24":0,"25":0,"26":0,"27":0,"28":0,"29":1},"f":{"0":2,"1":2,"2":1,"3":0},"b":{"0":[2,0],"1":[0,0],"2":[1,1],"3":[1,1],"4":[1,0],"5":[1,0],"6":[0,0]},"_coverageSchema":"1a1c01bbd47fc00a2c39e90264f33305004495a9","hash":"7b99cd31a4ab7cda4a36cbef49396fcc25ec85d3"}
,"/home/samarth.srivastava/Desktop/Node-training/Task2/backend/Controllers/ModuleController.js": {"path":"/home/samarth.srivastava/Desktop/Node-training/Task2/backend/Controllers/ModuleController.js","statementMap":{"0":{"start":{"line":1,"column":23},"end":{"line":1,"column":74}},"1":{"start":{"line":2,"column":25},"end":{"line":2,"column":65}},"2":{"start":{"line":3,"column":15},"end":{"line":3,"column":41}},"3":{"start":{"line":4,"column":12},"end":{"line":4,"column":38}},"4":{"start":{"line":5,"column":11},"end":{"line":5,"column":24}},"5":{"start":{"line":6,"column":13},"end":{"line":6,"column":28}},"6":{"start":{"line":7,"column":19},"end":{"line":7,"column":55}},"7":{"start":{"line":8,"column":23},"end":{"line":8,"column":65}},"8":{"start":{"line":9,"column":19},"end":{"line":9,"column":56}},"9":{"start":{"line":10,"column":17},"end":{"line":10,"column":36}},"10":{"start":{"line":13,"column":4},"end":{"line":45,"column":5}},"11":{"start":{"line":14,"column":6},"end":{"line":14,"column":40}},"12":{"start":{"line":15,"column":54},"end":{"line":15,"column":63}},"13":{"start":{"line":16,"column":20},"end":{"line":16,"column":22}},"14":{"start":{"line":17,"column":6},"end":{"line":19,"column":7}},"15":{"start":{"line":18,"column":8},"end":{"line":18,"column":31}},"16":{"start":{"line":20,"column":6},"end":{"line":22,"column":7}},"17":{"start":{"line":21,"column":8},"end":{"line":21,"column":42}},"18":{"start":{"line":23,"column":19},"end":{"line":27,"column":31}},"19":{"start":{"line":29,"column":25},"end":{"line":29,"column":67}},"20":{"start":{"line":31,"column":6},"end":{"line":39,"column":10}},"21":{"start":{"line":41,"column":6},"end":{"line":41,"column":52}},"22":{"start":{"line":42,"column":6},"end":{"line":44,"column":69}},"23":{"start":{"line":49,"column":4},"end":{"line":80,"column":5}},"24":{"start":{"line":50,"column":6},"end":{"line":50,"column":49}},"25":{"start":{"line":51,"column":21},"end":{"line":51,"column":31}},"26":{"start":{"line":52,"column":6},"end":{"line":54,"column":7}},"27":{"start":{"line":53,"column":8},"end":{"line":53,"column":78}},"28":{"start":{"line":55,"column":23},"end":{"line":57,"column":55}},"29":{"start":{"line":59,"column":6},"end":{"line":65,"column":7}},"30":{"start":{"line":60,"column":8},"end":{"line":64,"column":12}},"31":{"start":{"line":66,"column":6},"end":{"line":66,"column":47}},"32":{"start":{"line":68,"column":6},"end":{"line":68,"column":77}},"33":{"start":{"line":70,"column":6},"end":{"line":70,"column":54}},"34":{"start":{"line":71,"column":6},"end":{"line":79,"column":10}},"35":{"start":{"line":84,"column":4},"end":{"line":114,"column":5}},"36":{"start":{"line":85,"column":6},"end":{"line":85,"column":43}},"37":{"start":{"line":87,"column":38},"end":{"line":87,"column":47}},"38":{"start":{"line":88,"column":23},"end":{"line":92,"column":31}},"39":{"start":{"line":93,"column":25},"end":{"line":93,"column":58}},"40":{"start":{"line":95,"column":6},"end":{"line":103,"column":10}},"41":{"start":{"line":105,"column":6},"end":{"line":105,"column":54}},"42":{"start":{"line":106,"column":6},"end":{"line":113,"column":10}},"43":{"start":{"line":118,"column":4},"end":{"line":148,"column":5}},"44":{"start":{"line":119,"column":6},"end":{"line":119,"column":48}},"45":{"start":{"line":121,"column":38},"end":{"line":121,"column":47}},"46":{"start":{"line":122,"column":27},"end":{"line":122,"column":37}},"47":{"start":{"line":123,"column":23},"end":{"line":126,"column":31}},"48":{"start":{"line":127,"column":25},"end":{"line":127,"column":72}},"49":{"start":{"line":129,"column":6},"end":{"line":137,"column":10}},"50":{"start":{"line":139,"column":6},"end":{"line":139,"column":61}},"51":{"start":{"line":140,"column":6},"end":{"line":147,"column":10}},"52":{"start":{"line":151,"column":4},"end":{"line":189,"column":5}},"53":{"start":{"line":152,"column":6},"end":{"line":152,"column":37}},"54":{"start":{"line":163,"column":10},"end":{"line":163,"column":18}},"55":{"start":{"line":165,"column":35},"end":{"line":175,"column":8}},"56":{"start":{"line":176,"column":6},"end":{"line":183,"column":10}},"57":{"start":{"line":185,"column":6},"end":{"line":185,"column":47}},"58":{"start":{"line":186,"column":6},"end":{"line":188,"column":69}},"59":{"start":{"line":193,"column":4},"end":{"line":193,"column":48}},"60":{"start":{"line":194,"column":23},"end":{"line":194,"column":24}},"61":{"start":{"line":195,"column":4},"end":{"line":199,"column":5}},"62":{"start":{"line":196,"column":20},"end":{"line":196,"column":72}},"63":{"start":{"line":197,"column":6},"end":{"line":197,"column":67}},"64":{"start":{"line":198,"column":6},"end":{"line":198,"column":29}},"65":{"start":{"line":203,"column":4},"end":{"line":203,"column":49}},"66":{"start":{"line":205,"column":23},"end":{"line":205,"column":24}},"67":{"start":{"line":206,"column":4},"end":{"line":210,"column":5}},"68":{"start":{"line":207,"column":20},"end":{"line":207,"column":74}},"69":{"start":{"line":208,"column":6},"end":{"line":208,"column":45}},"70":{"start":{"line":209,"column":6},"end":{"line":209,"column":29}},"71":{"start":{"line":214,"column":4},"end":{"line":214,"column":47}},"72":{"start":{"line":215,"column":22},"end":{"line":215,"column":27}},"73":{"start":{"line":217,"column":4},"end":{"line":232,"column":7}},"74":{"start":{"line":235,"column":18},"end":{"line":314,"column":3}},"75":{"start":{"line":236,"column":4},"end":{"line":313,"column":5}},"76":{"start":{"line":237,"column":6},"end":{"line":237,"column":40}},"77":{"start":{"line":238,"column":19},"end":{"line":238,"column":21}},"78":{"start":{"line":239,"column":24},"end":{"line":239,"column":26}},"79":{"start":{"line":240,"column":26},"end":{"line":240,"column":28}},"80":{"start":{"line":241,"column":24},"end":{"line":241,"column":51}},"81":{"start":{"line":242,"column":23},"end":{"line":242,"column":54}},"82":{"start":{"line":244,"column":6},"end":{"line":244,"column":40}},"83":{"start":{"line":245,"column":23},"end":{"line":245,"column":41}},"84":{"start":{"line":250,"column":18},"end":{"line":250,"column":32}},"85":{"start":{"line":253,"column":6},"end":{"line":253,"column":28}},"86":{"start":{"line":254,"column":6},"end":{"line":258,"column":7}},"87":{"start":{"line":255,"column":8},"end":{"line":257,"column":63}},"88":{"start":{"line":260,"column":6},"end":{"line":306,"column":11}},"89":{"start":{"line":263,"column":10},"end":{"line":263,"column":67}},"90":{"start":{"line":264,"column":10},"end":{"line":266,"column":73}},"91":{"start":{"line":269,"column":10},"end":{"line":269,"column":64}},"92":{"start":{"line":272,"column":10},"end":{"line":285,"column":13}},"93":{"start":{"line":273,"column":30},"end":{"line":275,"column":14}},"94":{"start":{"line":276,"column":12},"end":{"line":284,"column":13}},"95":{"start":{"line":277,"column":14},"end":{"line":277,"column":35}},"96":{"start":{"line":279,"column":14},"end":{"line":283,"column":17}},"97":{"start":{"line":282,"column":60},"end":{"line":282,"column":73}},"98":{"start":{"line":286,"column":10},"end":{"line":286,"column":73}},"99":{"start":{"line":288,"column":10},"end":{"line":288,"column":60}},"100":{"start":{"line":290,"column":10},"end":{"line":290,"column":64}},"101":{"start":{"line":291,"column":26},"end":{"line":291,"column":53}},"102":{"start":{"line":292,"column":34},"end":{"line":292,"column":56}},"103":{"start":{"line":293,"column":32},"end":{"line":301,"column":11}},"104":{"start":{"line":302,"column":10},"end":{"line":302,"column":49}},"105":{"start":{"line":303,"column":10},"end":{"line":305,"column":72}},"106":{"start":{"line":308,"column":6},"end":{"line":308,"column":25}},"107":{"start":{"line":309,"column":6},"end":{"line":309,"column":57}},"108":{"start":{"line":310,"column":6},"end":{"line":312,"column":69}},"109":{"start":{"line":316,"column":22},"end":{"line":358,"column":3}},"110":{"start":{"line":317,"column":4},"end":{"line":357,"column":5}},"111":{"start":{"line":318,"column":6},"end":{"line":318,"column":49}},"112":{"start":{"line":319,"column":21},"end":{"line":319,"column":31}},"113":{"start":{"line":320,"column":6},"end":{"line":322,"column":7}},"114":{"start":{"line":321,"column":8},"end":{"line":321,"column":78}},"115":{"start":{"line":323,"column":23},"end":{"line":323,"column":66}},"116":{"start":{"line":324,"column":6},"end":{"line":342,"column":7}},"117":{"start":{"line":325,"column":25},"end":{"line":325,"column":39}},"118":{"start":{"line":326,"column":6},"end":{"line":326,"column":30}},"119":{"start":{"line":327,"column":6},"end":{"line":331,"column":7}},"120":{"start":{"line":328,"column":8},"end":{"line":330,"column":60}},"121":{"start":{"line":332,"column":30},"end":{"line":335,"column":5}},"122":{"start":{"line":336,"column":4},"end":{"line":336,"column":33}},"123":{"start":{"line":337,"column":8},"end":{"line":341,"column":12}},"124":{"start":{"line":343,"column":6},"end":{"line":343,"column":47}},"125":{"start":{"line":345,"column":6},"end":{"line":345,"column":77}},"126":{"start":{"line":347,"column":6},"end":{"line":347,"column":54}},"127":{"start":{"line":348,"column":6},"end":{"line":356,"column":10}},"128":{"start":{"line":360,"column":0},"end":{"line":360,"column":34}}},"fnMap":{"0":{"name":"(anonymous_0)","decl":{"start":{"line":12,"column":2},"end":{"line":12,"column":3}},"loc":{"start":{"line":12,"column":32},"end":{"line":46,"column":3}},"line":12},"1":{"name":"(anonymous_1)","decl":{"start":{"line":48,"column":2},"end":{"line":48,"column":3}},"loc":{"start":{"line":48,"column":33},"end":{"line":81,"column":3}},"line":48},"2":{"name":"(anonymous_2)","decl":{"start":{"line":83,"column":2},"end":{"line":83,"column":3}},"loc":{"start":{"line":83,"column":33},"end":{"line":115,"column":3}},"line":83},"3":{"name":"(anonymous_3)","decl":{"start":{"line":117,"column":2},"end":{"line":117,"column":3}},"loc":{"start":{"line":117,"column":39},"end":{"line":149,"column":3}},"line":117},"4":{"name":"(anonymous_4)","decl":{"start":{"line":150,"column":2},"end":{"line":150,"column":3}},"loc":{"start":{"line":150,"column":29},"end":{"line":190,"column":3}},"line":150},"5":{"name":"(anonymous_5)","decl":{"start":{"line":192,"column":2},"end":{"line":192,"column":3}},"loc":{"start":{"line":192,"column":42},"end":{"line":200,"column":3}},"line":192},"6":{"name":"(anonymous_6)","decl":{"start":{"line":202,"column":2},"end":{"line":202,"column":3}},"loc":{"start":{"line":202,"column":46},"end":{"line":211,"column":3}},"line":202},"7":{"name":"(anonymous_7)","decl":{"start":{"line":213,"column":2},"end":{"line":213,"column":3}},"loc":{"start":{"line":213,"column":46},"end":{"line":233,"column":3}},"line":213},"8":{"name":"(anonymous_8)","decl":{"start":{"line":235,"column":18},"end":{"line":235,"column":19}},"loc":{"start":{"line":235,"column":38},"end":{"line":314,"column":3}},"line":235},"9":{"name":"(anonymous_9)","decl":{"start":{"line":262,"column":21},"end":{"line":262,"column":22}},"loc":{"start":{"line":262,"column":32},"end":{"line":267,"column":9}},"line":262},"10":{"name":"(anonymous_10)","decl":{"start":{"line":268,"column":20},"end":{"line":268,"column":21}},"loc":{"start":{"line":268,"column":29},"end":{"line":270,"column":9}},"line":268},"11":{"name":"(anonymous_11)","decl":{"start":{"line":271,"column":19},"end":{"line":271,"column":20}},"loc":{"start":{"line":271,"column":31},"end":{"line":306,"column":9}},"line":271},"12":{"name":"(anonymous_12)","decl":{"start":{"line":272,"column":23},"end":{"line":272,"column":24}},"loc":{"start":{"line":272,"column":40},"end":{"line":285,"column":11}},"line":272},"13":{"name":"(anonymous_13)","decl":{"start":{"line":282,"column":49},"end":{"line":282,"column":50}},"loc":{"start":{"line":282,"column":60},"end":{"line":282,"column":73}},"line":282},"14":{"name":"(anonymous_14)","decl":{"start":{"line":316,"column":22},"end":{"line":316,"column":23}},"loc":{"start":{"line":316,"column":42},"end":{"line":358,"column":3}},"line":316}},"branchMap":{"0":{"loc":{"start":{"line":15,"column":14},"end":{"line":15,"column":22}},"type":"default-arg","locations":[{"start":{"line":15,"column":21},"end":{"line":15,"column":22}}],"line":15},"1":{"loc":{"start":{"line":15,"column":24},"end":{"line":15,"column":33}},"type":"default-arg","locations":[{"start":{"line":15,"column":32},"end":{"line":15,"column":33}}],"line":15},"2":{"loc":{"start":{"line":17,"column":6},"end":{"line":19,"column":7}},"type":"if","locations":[{"start":{"line":17,"column":6},"end":{"line":19,"column":7}},{"start":{},"end":{}}],"line":17},"3":{"loc":{"start":{"line":20,"column":6},"end":{"line":22,"column":7}},"type":"if","locations":[{"start":{"line":20,"column":6},"end":{"line":22,"column":7}},{"start":{},"end":{}}],"line":20},"4":{"loc":{"start":{"line":52,"column":6},"end":{"line":54,"column":7}},"type":"if","locations":[{"start":{"line":52,"column":6},"end":{"line":54,"column":7}},{"start":{},"end":{}}],"line":52},"5":{"loc":{"start":{"line":59,"column":6},"end":{"line":65,"column":7}},"type":"if","locations":[{"start":{"line":59,"column":6},"end":{"line":65,"column":7}},{"start":{},"end":{}}],"line":59},"6":{"loc":{"start":{"line":87,"column":14},"end":{"line":87,"column":22}},"type":"default-arg","locations":[{"start":{"line":87,"column":21},"end":{"line":87,"column":22}}],"line":87},"7":{"loc":{"start":{"line":87,"column":24},"end":{"line":87,"column":33}},"type":"default-arg","locations":[{"start":{"line":87,"column":32},"end":{"line":87,"column":33}}],"line":87},"8":{"loc":{"start":{"line":110,"column":12},"end":{"line":110,"column":67}},"type":"binary-expr","locations":[{"start":{"line":110,"column":12},"end":{"line":110,"column":26}},{"start":{"line":110,"column":30},"end":{"line":110,"column":67}}],"line":110},"9":{"loc":{"start":{"line":121,"column":14},"end":{"line":121,"column":22}},"type":"default-arg","locations":[{"start":{"line":121,"column":21},"end":{"line":121,"column":22}}],"line":121},"10":{"loc":{"start":{"line":121,"column":24},"end":{"line":121,"column":33}},"type":"default-arg","locations":[{"start":{"line":121,"column":32},"end":{"line":121,"column":33}}],"line":121},"11":{"loc":{"start":{"line":144,"column":12},"end":{"line":144,"column":57}},"type":"binary-expr","locations":[{"start":{"line":144,"column":12},"end":{"line":144,"column":26}},{"start":{"line":144,"column":30},"end":{"line":144,"column":57}}],"line":144},"12":{"loc":{"start":{"line":219,"column":12},"end":{"line":219,"column":26}},"type":"binary-expr","locations":[{"start":{"line":219,"column":12},"end":{"line":219,"column":20}},{"start":{"line":219,"column":24},"end":{"line":219,"column":26}}],"line":219},"13":{"loc":{"start":{"line":221,"column":16},"end":{"line":221,"column":43}},"type":"binary-expr","locations":[{"start":{"line":221,"column":16},"end":{"line":221,"column":37}},{"start":{"line":221,"column":41},"end":{"line":221,"column":43}}],"line":221},"14":{"loc":{"start":{"line":222,"column":14},"end":{"line":222,"column":39}},"type":"binary-expr","locations":[{"start":{"line":222,"column":14},"end":{"line":222,"column":33}},{"start":{"line":222,"column":37},"end":{"line":222,"column":39}}],"line":222},"15":{"loc":{"start":{"line":223,"column":15},"end":{"line":223,"column":41}},"type":"binary-expr","locations":[{"start":{"line":223,"column":15},"end":{"line":223,"column":35}},{"start":{"line":223,"column":39},"end":{"line":223,"column":41}}],"line":223},"16":{"loc":{"start":{"line":224,"column":17},"end":{"line":224,"column":45}},"type":"binary-expr","locations":[{"start":{"line":224,"column":17},"end":{"line":224,"column":39}},{"start":{"line":224,"column":43},"end":{"line":224,"column":45}}],"line":224},"17":{"loc":{"start":{"line":226,"column":19},"end":{"line":226,"column":40}},"type":"binary-expr","locations":[{"start":{"line":226,"column":19},"end":{"line":226,"column":34}},{"start":{"line":226,"column":38},"end":{"line":226,"column":40}}],"line":226},"18":{"loc":{"start":{"line":227,"column":17},"end":{"line":227,"column":36}},"type":"binary-expr","locations":[{"start":{"line":227,"column":17},"end":{"line":227,"column":30}},{"start":{"line":227,"column":34},"end":{"line":227,"column":36}}],"line":227},"19":{"loc":{"start":{"line":228,"column":15},"end":{"line":228,"column":32}},"type":"binary-expr","locations":[{"start":{"line":228,"column":15},"end":{"line":228,"column":26}},{"start":{"line":228,"column":30},"end":{"line":228,"column":32}}],"line":228},"20":{"loc":{"start":{"line":229,"column":15},"end":{"line":229,"column":32}},"type":"binary-expr","locations":[{"start":{"line":229,"column":15},"end":{"line":229,"column":26}},{"start":{"line":229,"column":30},"end":{"line":229,"column":32}}],"line":229},"21":{"loc":{"start":{"line":230,"column":13},"end":{"line":230,"column":28}},"type":"binary-expr","locations":[{"start":{"line":230,"column":13},"end":{"line":230,"column":22}},{"start":{"line":230,"column":26},"end":{"line":230,"column":28}}],"line":230},"22":{"loc":{"start":{"line":231,"column":13},"end":{"line":231,"column":28}},"type":"binary-expr","locations":[{"start":{"line":231,"column":13},"end":{"line":231,"column":22}},{"start":{"line":231,"column":26},"end":{"line":231,"column":28}}],"line":231},"23":{"loc":{"start":{"line":254,"column":6},"end":{"line":258,"column":7}},"type":"if","locations":[{"start":{"line":254,"column":6},"end":{"line":258,"column":7}},{"start":{},"end":{}}],"line":254},"24":{"loc":{"start":{"line":276,"column":12},"end":{"line":284,"column":13}},"type":"if","locations":[{"start":{"line":276,"column":12},"end":{"line":284,"column":13}},{"start":{"line":278,"column":19},"end":{"line":284,"column":13}}],"line":276},"25":{"loc":{"start":{"line":320,"column":6},"end":{"line":322,"column":7}},"type":"if","locations":[{"start":{"line":320,"column":6},"end":{"line":322,"column":7}},{"start":{},"end":{}}],"line":320},"26":{"loc":{"start":{"line":324,"column":6},"end":{"line":342,"column":7}},"type":"if","locations":[{"start":{"line":324,"column":6},"end":{"line":342,"column":7}},{"start":{},"end":{}}],"line":324},"27":{"loc":{"start":{"line":327,"column":6},"end":{"line":331,"column":7}},"type":"if","locations":[{"start":{"line":327,"column":6},"end":{"line":331,"column":7}},{"start":{},"end":{}}],"line":327}},"s":{"0":1,"1":1,"2":1,"3":1,"4":1,"5":1,"6":1,"7":1,"8":1,"9":1,"10":0,"11":0,"12":0,"13":0,"14":0,"15":0,"16":0,"17":0,"18":0,"19":0,"20":0,"21":0,"22":0,"23":0,"24":0,"25":0,"26":0,"27":0,"28":0,"29":0,"30":0,"31":0,"32":0,"33":0,"34":0,"35":0,"36":0,"37":0,"38":0,"39":0,"40":0,"41":0,"42":0,"43":0,"44":0,"45":0,"46":0,"47":0,"48":0,"49":0,"50":0,"51":0,"52":0,"53":0,"54":0,"55":0,"56":0,"57":0,"58":0,"59":0,"60":0,"61":0,"62":0,"63":0,"64":0,"65":0,"66":0,"67":0,"68":0,"69":0,"70":0,"71":0,"72":0,"73":0,"74":1,"75":0,"76":0,"77":0,"78":0,"79":0,"80":0,"81":0,"82":0,"83":0,"84":0,"85":0,"86":0,"87":0,"88":0,"89":0,"90":0,"91":0,"92":0,"93":0,"94":0,"95":0,"96":0,"97":0,"98":0,"99":0,"100":0,"101":0,"102":0,"103":0,"104":0,"105":0,"106":0,"107":0,"108":0,"109":1,"110":0,"111":0,"112":0,"113":0,"114":0,"115":0,"116":0,"117":0,"118":0,"119":0,"120":0,"121":0,"122":0,"123":0,"124":0,"125":0,"126":0,"127":0,"128":1},"f":{"0":0,"1":0,"2":0,"3":0,"4":0,"5":0,"6":0,"7":0,"8":0,"9":0,"10":0,"11":0,"12":0,"13":0,"14":0},"b":{"0":[0],"1":[0],"2":[0,0],"3":[0,0],"4":[0,0],"5":[0,0],"6":[0],"7":[0],"8":[0,0],"9":[0],"10":[0],"11":[0,0],"12":[0,0],"13":[0,0],"14":[0,0],"15":[0,0],"16":[0,0],"17":[0,0],"18":[0,0],"19":[0,0],"20":[0,0],"21":[0,0],"22":[0,0],"23":[0,0],"24":[0,0],"25":[0,0],"26":[0,0],"27":[0,0]},"_coverageSchema":"1a1c01bbd47fc00a2c39e90264f33305004495a9","hash":"780626d474f5c36b3478a8b549ce2d3617e2bf84"}
,"/home/samarth.srivastava/Desktop/Node-training/Task2/backend/Controllers/UserController.js": {"path":"/home/samarth.srivastava/Desktop/Node-training/Task2/backend/Controllers/UserController.js","statementMap":{"0":{"start":{"line":1,"column":12},"end":{"line":1,"column":35}},"1":{"start":{"line":2,"column":15},"end":{"line":2,"column":32}},"2":{"start":{"line":3,"column":13},"end":{"line":3,"column":44}},"3":{"start":{"line":4,"column":23},"end":{"line":4,"column":74}},"4":{"start":{"line":8,"column":4},"end":{"line":39,"column":5}},"5":{"start":{"line":9,"column":34},"end":{"line":9,"column":42}},"6":{"start":{"line":10,"column":19},"end":{"line":10,"column":55}},"7":{"start":{"line":11,"column":6},"end":{"line":15,"column":7}},"8":{"start":{"line":12,"column":8},"end":{"line":14,"column":68}},"9":{"start":{"line":17,"column":30},"end":{"line":17,"column":75}},"10":{"start":{"line":18,"column":6},"end":{"line":22,"column":7}},"11":{"start":{"line":19,"column":8},"end":{"line":21,"column":70}},"12":{"start":{"line":24,"column":20},"end":{"line":26,"column":8}},"13":{"start":{"line":28,"column":6},"end":{"line":34,"column":8}},"14":{"start":{"line":36,"column":6},"end":{"line":38,"column":70}},"15":{"start":{"line":42,"column":4},"end":{"line":57,"column":5}},"16":{"start":{"line":43,"column":40},"end":{"line":43,"column":48}},"17":{"start":{"line":44,"column":25},"end":{"line":44,"column":56}},"18":{"start":{"line":45,"column":22},"end":{"line":49,"column":8}},"19":{"start":{"line":50,"column":6},"end":{"line":52,"column":74}},"20":{"start":{"line":54,"column":6},"end":{"line":56,"column":71}},"21":{"start":{"line":61,"column":0},"end":{"line":61,"column":32}}},"fnMap":{"0":{"name":"(anonymous_0)","decl":{"start":{"line":7,"column":2},"end":{"line":7,"column":3}},"loc":{"start":{"line":7,"column":31},"end":{"line":40,"column":3}},"line":7},"1":{"name":"(anonymous_1)","decl":{"start":{"line":41,"column":2},"end":{"line":41,"column":3}},"loc":{"start":{"line":41,"column":32},"end":{"line":58,"column":3}},"line":41}},"branchMap":{"0":{"loc":{"start":{"line":11,"column":6},"end":{"line":15,"column":7}},"type":"if","locations":[{"start":{"line":11,"column":6},"end":{"line":15,"column":7}},{"start":{},"end":{}}],"line":11},"1":{"loc":{"start":{"line":18,"column":6},"end":{"line":22,"column":7}},"type":"if","locations":[{"start":{"line":18,"column":6},"end":{"line":22,"column":7}},{"start":{},"end":{}}],"line":18}},"s":{"0":1,"1":1,"2":1,"3":1,"4":1,"5":1,"6":1,"7":1,"8":0,"9":1,"10":1,"11":0,"12":1,"13":1,"14":0,"15":2,"16":2,"17":2,"18":2,"19":1,"20":1,"21":1},"f":{"0":1,"1":2},"b":{"0":[0,1],"1":[0,1]},"_coverageSchema":"1a1c01bbd47fc00a2c39e90264f33305004495a9","hash":"7b981425d1c1cc9a91e588ece5e47e6f33578b4c"}
,"/home/samarth.srivastava/Desktop/Node-training/Task2/backend/docs/swaggerConfig.js": {"path":"/home/samarth.srivastava/Desktop/Node-training/Task2/backend/docs/swaggerConfig.js","statementMap":{"0":{"start":{"line":1,"column":21},"end":{"line":1,"column":45}},"1":{"start":{"line":3,"column":16},"end":{"line":33,"column":1}},"2":{"start":{"line":35,"column":20},"end":{"line":35,"column":41}},"3":{"start":{"line":37,"column":0},"end":{"line":37,"column":29}}},"fnMap":{},"branchMap":{},"s":{"0":1,"1":1,"2":1,"3":1},"f":{},"b":{},"_coverageSchema":"1a1c01bbd47fc00a2c39e90264f33305004495a9","hash":"2379e6f8118bfabbe73296ac6cda09326018db1a"}
,"/home/samarth.srivastava/Desktop/Node-training/Task2/backend/middlewares/Validation.js": {"path":"/home/samarth.srivastava/Desktop/Node-training/Task2/backend/middlewares/Validation.js","statementMap":{"0":{"start":{"line":1,"column":35},"end":{"line":1,"column":63}},"1":{"start":{"line":2,"column":23},"end":{"line":2,"column":74}},"2":{"start":{"line":3,"column":12},"end":{"line":3,"column":26}},"3":{"start":{"line":7,"column":4},"end":{"line":22,"column":6}},"4":{"start":{"line":26,"column":19},"end":{"line":26,"column":40}},"5":{"start":{"line":27,"column":4},"end":{"line":29,"column":5}},"6":{"start":{"line":28,"column":6},"end":{"line":28,"column":77}},"7":{"start":{"line":30,"column":4},"end":{"line":30,"column":11}},"8":{"start":{"line":34,"column":22},"end":{"line":49,"column":37}},"9":{"start":{"line":50,"column":4},"end":{"line":50,"column":36}},"10":{"start":{"line":54,"column":21},"end":{"line":54,"column":52}},"11":{"start":{"line":55,"column":4},"end":{"line":61,"column":5}},"12":{"start":{"line":56,"column":6},"end":{"line":58,"column":65}},"13":{"start":{"line":60,"column":6},"end":{"line":60,"column":13}},"14":{"start":{"line":66,"column":0},"end":{"line":66,"column":28}}},"fnMap":{"0":{"name":"(anonymous_0)","decl":{"start":{"line":6,"column":2},"end":{"line":6,"column":3}},"loc":{"start":{"line":6,"column":24},"end":{"line":23,"column":3}},"line":6},"1":{"name":"(anonymous_1)","decl":{"start":{"line":25,"column":2},"end":{"line":25,"column":3}},"loc":{"start":{"line":25,"column":41},"end":{"line":31,"column":3}},"line":25},"2":{"name":"(anonymous_2)","decl":{"start":{"line":33,"column":2},"end":{"line":33,"column":3}},"loc":{"start":{"line":33,"column":26},"end":{"line":51,"column":3}},"line":33},"3":{"name":"(anonymous_3)","decl":{"start":{"line":53,"column":2},"end":{"line":53,"column":3}},"loc":{"start":{"line":53,"column":42},"end":{"line":62,"column":3}},"line":53}},"branchMap":{"0":{"loc":{"start":{"line":27,"column":4},"end":{"line":29,"column":5}},"type":"if","locations":[{"start":{"line":27,"column":4},"end":{"line":29,"column":5}},{"start":{},"end":{}}],"line":27},"1":{"loc":{"start":{"line":55,"column":4},"end":{"line":61,"column":5}},"type":"if","locations":[{"start":{"line":55,"column":4},"end":{"line":61,"column":5}},{"start":{"line":59,"column":11},"end":{"line":61,"column":5}}],"line":55}},"s":{"0":1,"1":1,"2":1,"3":1,"4":1,"5":1,"6":0,"7":1,"8":0,"9":0,"10":0,"11":0,"12":0,"13":0,"14":1},"f":{"0":1,"1":1,"2":0,"3":0},"b":{"0":[0,1],"1":[0,0]},"_coverageSchema":"1a1c01bbd47fc00a2c39e90264f33305004495a9","hash":"35ec3304f28735eac67098da359b7152bd8babde"}
,"/home/samarth.srivastava/Desktop/Node-training/Task2/backend/middlewares/authenticateToken.js": {"path":"/home/samarth.srivastava/Desktop/Node-training/Task2/backend/middlewares/authenticateToken.js","statementMap":{"0":{"start":{"line":1,"column":12},"end":{"line":1,"column":35}},"1":{"start":{"line":2,"column":23},"end":{"line":2,"column":74}},"2":{"start":{"line":4,"column":26},"end":{"line":21,"column":1}},"3":{"start":{"line":5,"column":21},"end":{"line":5,"column":49}},"4":{"start":{"line":6,"column":16},"end":{"line":6,"column":54}},"5":{"start":{"line":8,"column":2},"end":{"line":10,"column":3}},"6":{"start":{"line":9,"column":4},"end":{"line":9,"column":80}},"7":{"start":{"line":12,"column":2},"end":{"line":20,"column":5}},"8":{"start":{"line":13,"column":4},"end":{"line":17,"column":5}},"9":{"start":{"line":14,"column":6},"end":{"line":16,"column":75}},"10":{"start":{"line":18,"column":4},"end":{"line":18,"column":32}},"11":{"start":{"line":19,"column":4},"end":{"line":19,"column":11}},"12":{"start":{"line":23,"column":0},"end":{"line":23,"column":35}}},"fnMap":{"0":{"name":"(anonymous_0)","decl":{"start":{"line":4,"column":26},"end":{"line":4,"column":27}},"loc":{"start":{"line":4,"column":46},"end":{"line":21,"column":1}},"line":4},"1":{"name":"(anonymous_1)","decl":{"start":{"line":12,"column":44},"end":{"line":12,"column":45}},"loc":{"start":{"line":12,"column":59},"end":{"line":20,"column":3}},"line":12}},"branchMap":{"0":{"loc":{"start":{"line":6,"column":16},"end":{"line":6,"column":54}},"type":"binary-expr","locations":[{"start":{"line":6,"column":16},"end":{"line":6,"column":26}},{"start":{"line":6,"column":30},"end":{"line":6,"column":54}}],"line":6},"1":{"loc":{"start":{"line":8,"column":2},"end":{"line":10,"column":3}},"type":"if","locations":[{"start":{"line":8,"column":2},"end":{"line":10,"column":3}},{"start":{},"end":{}}],"line":8},"2":{"loc":{"start":{"line":13,"column":4},"end":{"line":17,"column":5}},"type":"if","locations":[{"start":{"line":13,"column":4},"end":{"line":17,"column":5}},{"start":{},"end":{}}],"line":13}},"s":{"0":1,"1":1,"2":1,"3":0,"4":0,"5":0,"6":0,"7":0,"8":0,"9":0,"10":0,"11":0,"12":1},"f":{"0":0,"1":0},"b":{"0":[0,0],"1":[0,0],"2":[0,0]},"_coverageSchema":"1a1c01bbd47fc00a2c39e90264f33305004495a9","hash":"013eec6966614d32f651db3360ca8b929cc3fef0"}
,"/home/samarth.srivastava/Desktop/Node-training/Task2/backend/models/bulkUploadErrorSchema.js": {"path":"/home/samarth.srivastava/Desktop/Node-training/Task2/backend/models/bulkUploadErrorSchema.js","statementMap":{"0":{"start":{"line":1,"column":17},"end":{"line":1,"column":36}},"1":{"start":{"line":3,"column":24},"end":{"line":7,"column":2}},"2":{"start":{"line":9,"column":0},"end":{"line":9,"column":68}}},"fnMap":{},"branchMap":{},"s":{"0":1,"1":1,"2":1},"f":{},"b":{},"_coverageSchema":"1a1c01bbd47fc00a2c39e90264f33305004495a9","hash":"f90ede319045f482ea7b1ac9434e838069a2423a"}
,"/home/samarth.srivastava/Desktop/Node-training/Task2/backend/models/bulkUploadSchema.js": {"path":"/home/samarth.srivastava/Desktop/Node-training/Task2/backend/models/bulkUploadSchema.js","statementMap":{"0":{"start":{"line":1,"column":15},"end":{"line":1,"column":34}},"1":{"start":{"line":4,"column":23},"end":{"line":14,"column":1}},"2":{"start":{"line":16,"column":0},"end":{"line":16,"column":61}}},"fnMap":{},"branchMap":{},"s":{"0":1,"1":1,"2":1},"f":{},"b":{},"_coverageSchema":"1a1c01bbd47fc00a2c39e90264f33305004495a9","hash":"608cf6df30833396ca48a3f4cb890cead25b7496"}
,"/home/samarth.srivastava/Desktop/Node-training/Task2/backend/models/moduleListingSchema.js": {"path":"/home/samarth.srivastava/Desktop/Node-training/Task2/backend/models/moduleListingSchema.js","statementMap":{"0":{"start":{"line":1,"column":17},"end":{"line":1,"column":36}},"1":{"start":{"line":2,"column":28},"end":{"line":20,"column":1}},"2":{"start":{"line":21,"column":0},"end":{"line":21,"column":80}},"3":{"start":{"line":22,"column":0},"end":{"line":22,"column":68}}},"fnMap":{},"branchMap":{},"s":{"0":1,"1":1,"2":1,"3":1},"f":{},"b":{},"_coverageSchema":"1a1c01bbd47fc00a2c39e90264f33305004495a9","hash":"2b4479364cef7c010bf66e50ff3019f2a8aa3689"}
,"/home/samarth.srivastava/Desktop/Node-training/Task2/backend/models/userSchema.js": {"path":"/home/samarth.srivastava/Desktop/Node-training/Task2/backend/models/userSchema.js","statementMap":{"0":{"start":{"line":1,"column":17},"end":{"line":1,"column":36}},"1":{"start":{"line":2,"column":19},"end":{"line":32,"column":2}},"2":{"start":{"line":13,"column":27},"end":{"line":13,"column":55}},"3":{"start":{"line":14,"column":8},"end":{"line":14,"column":38}},"4":{"start":{"line":25,"column":30},"end":{"line":25,"column":71}},"5":{"start":{"line":26,"column":8},"end":{"line":26,"column":41}},"6":{"start":{"line":34,"column":13},"end":{"line":34,"column":48}},"7":{"start":{"line":35,"column":0},"end":{"line":35,"column":22}}},"fnMap":{"0":{"name":"(anonymous_0)","decl":{"start":{"line":12,"column":17},"end":{"line":12,"column":18}},"loc":{"start":{"line":12,"column":34},"end":{"line":15,"column":7}},"line":12},"1":{"name":"(anonymous_1)","decl":{"start":{"line":24,"column":17},"end":{"line":24,"column":18}},"loc":{"start":{"line":24,"column":34},"end":{"line":27,"column":7}},"line":24}},"branchMap":{},"s":{"0":1,"1":1,"2":2,"3":2,"4":2,"5":2,"6":1,"7":1},"f":{"0":2,"1":2},"b":{},"_coverageSchema":"1a1c01bbd47fc00a2c39e90264f33305004495a9","hash":"2fe5d62a0be1623374ccd678ff392d5eba1e0fd8"}
,"/home/samarth.srivastava/Desktop/Node-training/Task2/backend/routes/routes.js": {"path":"/home/samarth.srivastava/Desktop/Node-training/Task2/backend/routes/routes.js","statementMap":{"0":{"start":{"line":1,"column":16},"end":{"line":1,"column":34}},"1":{"start":{"line":2,"column":19},"end":{"line":2,"column":55}},"2":{"start":{"line":3,"column":23},"end":{"line":3,"column":63}},"3":{"start":{"line":4,"column":25},"end":{"line":4,"column":67}},"4":{"start":{"line":5,"column":15},"end":{"line":5,"column":32}},"5":{"start":{"line":6,"column":26},"end":{"line":6,"column":69}},"6":{"start":{"line":9,"column":16},"end":{"line":16,"column":2}},"7":{"start":{"line":11,"column":4},"end":{"line":11,"column":25}},"8":{"start":{"line":14,"column":4},"end":{"line":14,"column":51}},"9":{"start":{"line":18,"column":15},"end":{"line":18,"column":43}},"10":{"start":{"line":19,"column":15},"end":{"line":19,"column":31}},"11":{"start":{"line":96,"column":0},"end":{"line":101,"column":2}},"12":{"start":{"line":157,"column":0},"end":{"line":157,"column":46}},"13":{"start":{"line":207,"column":0},"end":{"line":207,"column":73}},"14":{"start":{"line":242,"column":0},"end":{"line":242,"column":72}},"15":{"start":{"line":324,"column":0},"end":{"line":324,"column":74}},"16":{"start":{"line":365,"column":0},"end":{"line":365,"column":68}},"17":{"start":{"line":430,"column":0},"end":{"line":434,"column":2}},"18":{"start":{"line":526,"column":0},"end":{"line":531,"column":2}},"19":{"start":{"line":581,"column":24},"end":{"line":584,"column":1}},"20":{"start":{"line":582,"column":2},"end":{"line":582,"column":34}},"21":{"start":{"line":583,"column":2},"end":{"line":583,"column":9}},"22":{"start":{"line":586,"column":27},"end":{"line":590,"column":1}},"23":{"start":{"line":587,"column":2},"end":{"line":587,"column":34}},"24":{"start":{"line":588,"column":2},"end":{"line":588,"column":23}},"25":{"start":{"line":589,"column":2},"end":{"line":589,"column":9}},"26":{"start":{"line":591,"column":0},"end":{"line":598,"column":2}},"27":{"start":{"line":602,"column":0},"end":{"line":602,"column":24}}},"fnMap":{"0":{"name":"(anonymous_0)","decl":{"start":{"line":10,"column":15},"end":{"line":10,"column":16}},"loc":{"start":{"line":10,"column":40},"end":{"line":12,"column":3}},"line":10},"1":{"name":"(anonymous_1)","decl":{"start":{"line":13,"column":12},"end":{"line":13,"column":13}},"loc":{"start":{"line":13,"column":37},"end":{"line":15,"column":3}},"line":13},"2":{"name":"(anonymous_2)","decl":{"start":{"line":581,"column":24},"end":{"line":581,"column":25}},"loc":{"start":{"line":581,"column":44},"end":{"line":584,"column":1}},"line":581},"3":{"name":"(anonymous_3)","decl":{"start":{"line":586,"column":27},"end":{"line":586,"column":28}},"loc":{"start":{"line":586,"column":47},"end":{"line":590,"column":1}},"line":586}},"branchMap":{},"s":{"0":1,"1":1,"2":1,"3":1,"4":1,"5":1,"6":1,"7":0,"8":0,"9":1,"10":1,"11":1,"12":1,"13":1,"14":1,"15":1,"16":1,"17":1,"18":1,"19":1,"20":0,"21":0,"22":1,"23":0,"24":0,"25":0,"26":1,"27":1},"f":{"0":0,"1":0,"2":0,"3":0},"b":{},"_coverageSchema":"1a1c01bbd47fc00a2c39e90264f33305004495a9","hash":"fa0ae36ea6e6493305cfac7b98ec8a1893a442c3"}
,"/home/samarth.srivastava/Desktop/Node-training/Task2/backend/utils/logger.js": {"path":"/home/samarth.srivastava/Desktop/Node-training/Task2/backend/utils/logger.js","statementMap":{"0":{"start":{"line":1,"column":45},"end":{"line":1,"column":63}},"1":{"start":{"line":2,"column":15},"end":{"line":13,"column":2}},"2":{"start":{"line":15,"column":0},"end":{"line":15,"column":24}}},"fnMap":{},"branchMap":{},"s":{"0":1,"1":1,"2":1},"f":{},"b":{},"_coverageSchema":"1a1c01bbd47fc00a2c39e90264f33305004495a9","hash":"f36d6c0183b557b67f54232a73355434ff721a52"}
,"/home/samarth.srivastava/Desktop/Node-training/Task2/backend/utils/response-handler/SystemResponse.js": {"path":"/home/samarth.srivastava/Desktop/Node-training/Task2/backend/utils/response-handler/SystemResponse.js","statementMap":{"0":{"start":{"line":1,"column":20},"end":{"line":1,"column":62}},"1":{"start":{"line":5,"column":4},"end":{"line":11,"column":6}},"2":{"start":{"line":14,"column":4},"end":{"line":19,"column":6}},"3":{"start":{"line":23,"column":4},"end":{"line":27,"column":6}},"4":{"start":{"line":31,"column":4},"end":{"line":35,"column":6}},"5":{"start":{"line":39,"column":4},"end":{"line":43,"column":6}},"6":{"start":{"line":47,"column":4},"end":{"line":51,"column":6}},"7":{"start":{"line":56,"column":4},"end":{"line":60,"column":6}},"8":{"start":{"line":64,"column":4},"end":{"line":69,"column":6}},"9":{"start":{"line":73,"column":0},"end":{"line":73,"column":32}}},"fnMap":{"0":{"name":"(anonymous_0)","decl":{"start":{"line":4,"column":2},"end":{"line":4,"column":3}},"loc":{"start":{"line":4,"column":44},"end":{"line":12,"column":3}},"line":4},"1":{"name":"(anonymous_1)","decl":{"start":{"line":13,"column":2},"end":{"line":13,"column":3}},"loc":{"start":{"line":13,"column":38},"end":{"line":20,"column":3}},"line":13},"2":{"name":"(anonymous_2)","decl":{"start":{"line":22,"column":2},"end":{"line":22,"column":3}},"loc":{"start":{"line":22,"column":36},"end":{"line":28,"column":3}},"line":22},"3":{"name":"(anonymous_3)","decl":{"start":{"line":30,"column":2},"end":{"line":30,"column":3}},"loc":{"start":{"line":30,"column":30},"end":{"line":36,"column":3}},"line":30},"4":{"name":"(anonymous_4)","decl":{"start":{"line":38,"column":2},"end":{"line":38,"column":3}},"loc":{"start":{"line":38,"column":27},"end":{"line":44,"column":3}},"line":38},"5":{"name":"(anonymous_5)","decl":{"start":{"line":46,"column":2},"end":{"line":46,"column":3}},"loc":{"start":{"line":46,"column":32},"end":{"line":52,"column":3}},"line":46},"6":{"name":"(anonymous_6)","decl":{"start":{"line":55,"column":2},"end":{"line":55,"column":3}},"loc":{"start":{"line":55,"column":34},"end":{"line":61,"column":3}},"line":55},"7":{"name":"(anonymous_7)","decl":{"start":{"line":63,"column":2},"end":{"line":63,"column":3}},"loc":{"start":{"line":63,"column":48},"end":{"line":70,"column":3}},"line":63}},"branchMap":{"0":{"loc":{"start":{"line":7,"column":12},"end":{"line":7,"column":24}},"type":"binary-expr","locations":[{"start":{"line":7,"column":12},"end":{"line":7,"column":16}},{"start":{"line":7,"column":20},"end":{"line":7,"column":24}}],"line":7},"1":{"loc":{"start":{"line":8,"column":18},"end":{"line":8,"column":36}},"type":"binary-expr","locations":[{"start":{"line":8,"column":18},"end":{"line":8,"column":28}},{"start":{"line":8,"column":32},"end":{"line":8,"column":36}}],"line":8},"2":{"loc":{"start":{"line":9,"column":15},"end":{"line":9,"column":35}},"type":"binary-expr","locations":[{"start":{"line":9,"column":15},"end":{"line":9,"column":22}},{"start":{"line":9,"column":26},"end":{"line":9,"column":35}}],"line":9},"3":{"loc":{"start":{"line":16,"column":12},"end":{"line":16,"column":24}},"type":"binary-expr","locations":[{"start":{"line":16,"column":12},"end":{"line":16,"column":16}},{"start":{"line":16,"column":20},"end":{"line":16,"column":24}}],"line":16},"4":{"loc":{"start":{"line":17,"column":15},"end":{"line":17,"column":35}},"type":"binary-expr","locations":[{"start":{"line":17,"column":15},"end":{"line":17,"column":22}},{"start":{"line":17,"column":26},"end":{"line":17,"column":35}}],"line":17},"5":{"loc":{"start":{"line":33,"column":15},"end":{"line":33,"column":40}},"type":"binary-expr","locations":[{"start":{"line":33,"column":15},"end":{"line":33,"column":22}},{"start":{"line":33,"column":26},"end":{"line":33,"column":40}}],"line":33},"6":{"loc":{"start":{"line":41,"column":15},"end":{"line":41,"column":42}},"type":"binary-expr","locations":[{"start":{"line":41,"column":15},"end":{"line":41,"column":22}},{"start":{"line":41,"column":26},"end":{"line":41,"column":42}}],"line":41},"7":{"loc":{"start":{"line":49,"column":15},"end":{"line":49,"column":47}},"type":"binary-expr","locations":[{"start":{"line":49,"column":15},"end":{"line":49,"column":22}},{"start":{"line":49,"column":26},"end":{"line":49,"column":47}}],"line":49},"8":{"loc":{"start":{"line":58,"column":15},"end":{"line":58,"column":40}},"type":"binary-expr","locations":[{"start":{"line":58,"column":15},"end":{"line":58,"column":22}},{"start":{"line":58,"column":26},"end":{"line":58,"column":40}}],"line":58},"9":{"loc":{"start":{"line":66,"column":13},"end":{"line":66,"column":26}},"type":"binary-expr","locations":[{"start":{"line":66,"column":13},"end":{"line":66,"column":18}},{"start":{"line":66,"column":22},"end":{"line":66,"column":26}}],"line":66},"10":{"loc":{"start":{"line":67,"column":15},"end":{"line":67,"column":49}},"type":"binary-expr","locations":[{"start":{"line":67,"column":15},"end":{"line":67,"column":22}},{"start":{"line":67,"column":26},"end":{"line":67,"column":49}}],"line":67},"11":{"loc":{"start":{"line":68,"column":14},"end":{"line":68,"column":55}},"type":"binary-expr","locations":[{"start":{"line":68,"column":14},"end":{"line":68,"column":18}},{"start":{"line":68,"column":22},"end":{"line":68,"column":55}}],"line":68}},"s":{"0":1,"1":1,"2":1,"3":0,"4":0,"5":0,"6":0,"7":0,"8":1,"9":1},"f":{"0":1,"1":1,"2":0,"3":0,"4":0,"5":0,"6":0,"7":1},"b":{"0":[1,0],"1":[1,1],"2":[1,0],"3":[1,0],"4":[1,0],"5":[0,0],"6":[0,0],"7":[0,0],"8":[0,0],"9":[1,0],"10":[1,0],"11":[1,1]},"_coverageSchema":"1a1c01bbd47fc00a2c39e90264f33305004495a9","hash":"41b293fc50b98d3947a7353bd82c2bbadcbe67d3"}
,"/home/samarth.srivastava/Desktop/Node-training/Task2/backend/utils/response-handler/statusCodes.js": {"path":"/home/samarth.srivastava/Desktop/Node-training/Task2/backend/utils/response-handler/statusCodes.js","statementMap":{"0":{"start":{"line":1,"column":20},"end":{"line":47,"column":1}},"1":{"start":{"line":49,"column":0},"end":{"line":49,"column":29}}},"fnMap":{},"branchMap":{},"s":{"0":1,"1":1},"f":{},"b":{},"_coverageSchema":"1a1c01bbd47fc00a2c39e90264f33305004495a9","hash":"e128885816e6294a093e8326141449cf1e0e143d"}
}
