TN:
SF:server.js
FN:45,(anonymous_0)
FN:51,(anonymous_1)
FNF:2
FNH:2
FNDA:1,(anonymous_0)
FNDA:1,(anonymous_1)
DA:29,1
DA:30,1
DA:31,1
DA:32,1
DA:33,1
DA:34,1
DA:36,1
DA:38,1
DA:39,1
DA:40,1
DA:45,1
DA:46,1
DA:48,1
DA:49,1
DA:50,1
DA:51,1
DA:52,1
DA:54,1
DA:56,1
DA:59,1
LF:20
LH:20
BRF:0
BRH:0
end_of_record
TN:
SF:Config/db.js
FN:28,(anonymous_0)
FN:47,(anonymous_1)
FN:54,(anonymous_2)
FN:64,(anonymous_3)
FNF:4
FNH:3
FNDA:2,(anonymous_0)
FNDA:2,(anonymous_1)
FNDA:1,(anonymous_2)
FNDA:0,(anonymous_3)
DA:19,1
DA:20,1
DA:21,1
DA:22,1
DA:24,1
DA:28,1
DA:29,2
DA:33,2
DA:34,1
DA:35,1
DA:39,1
DA:40,1
DA:42,0
DA:47,1
DA:48,2
DA:49,1
DA:51,2
DA:54,1
DA:55,1
DA:56,1
DA:57,1
DA:58,1
DA:59,1
DA:64,1
DA:65,0
DA:66,0
DA:67,0
DA:68,0
DA:69,0
DA:74,1
LF:30
LH:24
BRDA:29,0,0,2
BRDA:29,0,1,0
BRDA:31,1,0,0
BRDA:31,1,1,0
BRDA:33,2,0,1
BRDA:33,2,1,1
BRDA:48,3,0,1
BRDA:48,3,1,1
BRDA:55,4,0,1
BRDA:55,4,1,0
BRDA:58,5,0,1
BRDA:58,5,1,0
BRDA:65,6,0,0
BRDA:65,6,1,0
BRF:14
BRH:7
end_of_record
TN:
SF:Controllers/ModuleController.js
FN:12,(anonymous_0)
FN:48,(anonymous_1)
FN:83,(anonymous_2)
FN:117,(anonymous_3)
FN:150,(anonymous_4)
FN:192,(anonymous_5)
FN:202,(anonymous_6)
FN:213,(anonymous_7)
FN:235,(anonymous_8)
FN:262,(anonymous_9)
FN:268,(anonymous_10)
FN:271,(anonymous_11)
FN:272,(anonymous_12)
FN:282,(anonymous_13)
FN:316,(anonymous_14)
FNF:15
FNH:0
FNDA:0,(anonymous_0)
FNDA:0,(anonymous_1)
FNDA:0,(anonymous_2)
FNDA:0,(anonymous_3)
FNDA:0,(anonymous_4)
FNDA:0,(anonymous_5)
FNDA:0,(anonymous_6)
FNDA:0,(anonymous_7)
FNDA:0,(anonymous_8)
FNDA:0,(anonymous_9)
FNDA:0,(anonymous_10)
FNDA:0,(anonymous_11)
FNDA:0,(anonymous_12)
FNDA:0,(anonymous_13)
FNDA:0,(anonymous_14)
DA:1,1
DA:2,1
DA:3,1
DA:4,1
DA:5,1
DA:6,1
DA:7,1
DA:8,1
DA:9,1
DA:10,1
DA:13,0
DA:14,0
DA:15,0
DA:16,0
DA:17,0
DA:18,0
DA:20,0
DA:21,0
DA:23,0
DA:29,0
DA:31,0
DA:41,0
DA:42,0
DA:49,0
DA:50,0
DA:51,0
DA:52,0
DA:53,0
DA:55,0
DA:59,0
DA:60,0
DA:66,0
DA:68,0
DA:70,0
DA:71,0
DA:84,0
DA:85,0
DA:87,0
DA:88,0
DA:93,0
DA:95,0
DA:105,0
DA:106,0
DA:118,0
DA:119,0
DA:121,0
DA:122,0
DA:123,0
DA:127,0
DA:129,0
DA:139,0
DA:140,0
DA:151,0
DA:152,0
DA:163,0
DA:165,0
DA:176,0
DA:185,0
DA:186,0
DA:193,0
DA:194,0
DA:195,0
DA:196,0
DA:197,0
DA:198,0
DA:203,0
DA:205,0
DA:206,0
DA:207,0
DA:208,0
DA:209,0
DA:214,0
DA:215,0
DA:217,0
DA:235,1
DA:236,0
DA:237,0
DA:238,0
DA:239,0
DA:240,0
DA:241,0
DA:242,0
DA:244,0
DA:245,0
DA:250,0
DA:253,0
DA:254,0
DA:255,0
DA:260,0
DA:263,0
DA:264,0
DA:269,0
DA:272,0
DA:273,0
DA:276,0
DA:277,0
DA:279,0
DA:282,0
DA:286,0
DA:288,0
DA:290,0
DA:291,0
DA:292,0
DA:293,0
DA:302,0
DA:303,0
DA:308,0
DA:309,0
DA:310,0
DA:316,1
DA:317,0
DA:318,0
DA:319,0
DA:320,0
DA:321,0
DA:323,0
DA:324,0
DA:325,0
DA:326,0
DA:327,0
DA:328,0
DA:332,0
DA:336,0
DA:337,0
DA:343,0
DA:345,0
DA:347,0
DA:348,0
DA:360,1
LF:129
LH:13
BRDA:15,0,0,0
BRDA:15,1,0,0
BRDA:17,2,0,0
BRDA:17,2,1,0
BRDA:20,3,0,0
BRDA:20,3,1,0
BRDA:52,4,0,0
BRDA:52,4,1,0
BRDA:59,5,0,0
BRDA:59,5,1,0
BRDA:87,6,0,0
BRDA:87,7,0,0
BRDA:110,8,0,0
BRDA:110,8,1,0
BRDA:121,9,0,0
BRDA:121,10,0,0
BRDA:144,11,0,0
BRDA:144,11,1,0
BRDA:219,12,0,0
BRDA:219,12,1,0
BRDA:221,13,0,0
BRDA:221,13,1,0
BRDA:222,14,0,0
BRDA:222,14,1,0
BRDA:223,15,0,0
BRDA:223,15,1,0
BRDA:224,16,0,0
BRDA:224,16,1,0
BRDA:226,17,0,0
BRDA:226,17,1,0
BRDA:227,18,0,0
BRDA:227,18,1,0
BRDA:228,19,0,0
BRDA:228,19,1,0
BRDA:229,20,0,0
BRDA:229,20,1,0
BRDA:230,21,0,0
BRDA:230,21,1,0
BRDA:231,22,0,0
BRDA:231,22,1,0
BRDA:254,23,0,0
BRDA:254,23,1,0
BRDA:276,24,0,0
BRDA:276,24,1,0
BRDA:320,25,0,0
BRDA:320,25,1,0
BRDA:324,26,0,0
BRDA:324,26,1,0
BRDA:327,27,0,0
BRDA:327,27,1,0
BRF:50
BRH:0
end_of_record
TN:
SF:Controllers/UserController.js
FN:7,(anonymous_0)
FN:41,(anonymous_1)
FNF:2
FNH:2
FNDA:1,(anonymous_0)
FNDA:2,(anonymous_1)
DA:1,1
DA:2,1
DA:3,1
DA:4,1
DA:8,1
DA:9,1
DA:10,1
DA:11,1
DA:12,0
DA:17,1
DA:18,1
DA:19,0
DA:24,1
DA:28,1
DA:36,0
DA:42,2
DA:43,2
DA:44,2
DA:45,2
DA:50,1
DA:54,1
DA:61,1
LF:22
LH:19
BRDA:11,0,0,0
BRDA:11,0,1,1
BRDA:18,1,0,0
BRDA:18,1,1,1
BRF:4
BRH:2
end_of_record
TN:
SF:docs/swaggerConfig.js
FNF:0
FNH:0
DA:1,1
DA:3,1
DA:35,1
DA:37,1
LF:4
LH:4
BRF:0
BRH:0
end_of_record
TN:
SF:middlewares/Validation.js
FN:6,(anonymous_0)
FN:25,(anonymous_1)
FN:33,(anonymous_2)
FN:53,(anonymous_3)
FNF:4
FNH:2
FNDA:1,(anonymous_0)
FNDA:1,(anonymous_1)
FNDA:0,(anonymous_2)
FNDA:0,(anonymous_3)
DA:1,1
DA:2,1
DA:3,1
DA:7,1
DA:26,1
DA:27,1
DA:28,0
DA:30,1
DA:34,0
DA:50,0
DA:54,0
DA:55,0
DA:56,0
DA:60,0
DA:66,1
LF:15
LH:8
BRDA:27,0,0,0
BRDA:27,0,1,1
BRDA:55,1,0,0
BRDA:55,1,1,0
BRF:4
BRH:1
end_of_record
TN:
SF:middlewares/authenticateToken.js
FN:4,(anonymous_0)
FN:12,(anonymous_1)
FNF:2
FNH:0
FNDA:0,(anonymous_0)
FNDA:0,(anonymous_1)
DA:1,1
DA:2,1
DA:4,1
DA:5,0
DA:6,0
DA:8,0
DA:9,0
DA:12,0
DA:13,0
DA:14,0
DA:18,0
DA:19,0
DA:23,1
LF:13
LH:4
BRDA:6,0,0,0
BRDA:6,0,1,0
BRDA:8,1,0,0
BRDA:8,1,1,0
BRDA:13,2,0,0
BRDA:13,2,1,0
BRF:6
BRH:0
end_of_record
TN:
SF:models/bulkUploadErrorSchema.js
FNF:0
FNH:0
DA:1,1
DA:3,1
DA:9,1
LF:3
LH:3
BRF:0
BRH:0
end_of_record
TN:
SF:models/bulkUploadSchema.js
FNF:0
FNH:0
DA:1,1
DA:4,1
DA:16,1
LF:3
LH:3
BRF:0
BRH:0
end_of_record
TN:
SF:models/moduleListingSchema.js
FNF:0
FNH:0
DA:1,1
DA:2,1
DA:21,1
DA:22,1
LF:4
LH:4
BRF:0
BRH:0
end_of_record
TN:
SF:models/userSchema.js
FN:12,(anonymous_0)
FN:24,(anonymous_1)
FNF:2
FNH:2
FNDA:2,(anonymous_0)
FNDA:2,(anonymous_1)
DA:1,1
DA:2,1
DA:13,2
DA:14,2
DA:25,2
DA:26,2
DA:34,1
DA:35,1
LF:8
LH:8
BRF:0
BRH:0
end_of_record
TN:
SF:routes/routes.js
FN:10,(anonymous_0)
FN:13,(anonymous_1)
FN:581,(anonymous_2)
FN:586,(anonymous_3)
FNF:4
FNH:0
FNDA:0,(anonymous_0)
FNDA:0,(anonymous_1)
FNDA:0,(anonymous_2)
FNDA:0,(anonymous_3)
DA:1,1
DA:2,1
DA:3,1
DA:4,1
DA:5,1
DA:6,1
DA:9,1
DA:11,0
DA:14,0
DA:18,1
DA:19,1
DA:96,1
DA:157,1
DA:207,1
DA:242,1
DA:324,1
DA:365,1
DA:430,1
DA:526,1
DA:581,1
DA:582,0
DA:583,0
DA:586,1
DA:587,0
DA:588,0
DA:589,0
DA:591,1
DA:602,1
LF:28
LH:21
BRF:0
BRH:0
end_of_record
TN:
SF:utils/logger.js
FNF:0
FNH:0
DA:1,1
DA:2,1
DA:15,1
LF:3
LH:3
BRF:0
BRH:0
end_of_record
TN:
SF:utils/response-handler/SystemResponse.js
FN:4,(anonymous_0)
FN:13,(anonymous_1)
FN:22,(anonymous_2)
FN:30,(anonymous_3)
FN:38,(anonymous_4)
FN:46,(anonymous_5)
FN:55,(anonymous_6)
FN:63,(anonymous_7)
FNF:8
FNH:3
FNDA:1,(anonymous_0)
FNDA:1,(anonymous_1)
FNDA:0,(anonymous_2)
FNDA:0,(anonymous_3)
FNDA:0,(anonymous_4)
FNDA:0,(anonymous_5)
FNDA:0,(anonymous_6)
FNDA:1,(anonymous_7)
DA:1,1
DA:5,1
DA:14,1
DA:23,0
DA:31,0
DA:39,0
DA:47,0
DA:56,0
DA:64,1
DA:73,1
LF:10
LH:5
BRDA:7,0,0,1
BRDA:7,0,1,0
BRDA:8,1,0,1
BRDA:8,1,1,1
BRDA:9,2,0,1
BRDA:9,2,1,0
BRDA:16,3,0,1
BRDA:16,3,1,0
BRDA:17,4,0,1
BRDA:17,4,1,0
BRDA:33,5,0,0
BRDA:33,5,1,0
BRDA:41,6,0,0
BRDA:41,6,1,0
BRDA:49,7,0,0
BRDA:49,7,1,0
BRDA:58,8,0,0
BRDA:58,8,1,0
BRDA:66,9,0,1
BRDA:66,9,1,0
BRDA:67,10,0,1
BRDA:67,10,1,0
BRDA:68,11,0,1
BRDA:68,11,1,1
BRF:24
BRH:10
end_of_record
TN:
SF:utils/response-handler/statusCodes.js
FNF:0
FNH:0
DA:1,1
DA:49,1
LF:2
LH:2
BRF:0
BRH:0
end_of_record
